# JRE version: OpenJDK Runtime Environment (11.0.26+9) (build 11.0.26+9-LTS)
# Java VM: OpenJDK 64-Bit Server VM (11.0.26+9-LTS, mixed mode, tiered, compressed oops, g1 gc, windows-aarch64)
Heap:
 garbage-first heap   total 118784K, used 26336K [0x00000000a0200000, 0x0000000100000000)
  region size 1024K, 13 young (13312K), 5 survivors (5120K)
 Metaspace       used 36071K, capacity 36953K, committed 37040K, reserved 1081344K
  class space    used 4223K, capacity 4571K, committed 4608K, reserved 1048576K
GC Heap History (16 events):
Event: 1.046 GC heap before
{Heap before GC invocations=0 (full 0):
 garbage-first heap   total 98304K, used 13312K [0x00000000a0200000, 0x0000000100000000)
  region size 1024K, 14 young (14336K), 0 survivors (0K)
 Metaspace       used 9161K, capacity 9248K, committed 9344K, reserved 1058816K
  class space    used 792K, capacity 847K, committed 896K, reserved 1048576K
}
Event: 1.059 GC heap after
{Heap after GC invocations=1 (full 0):
 garbage-first heap   total 98304K, used 5439K [0x00000000a0200000, 0x0000000100000000)
  region size 1024K, 2 young (2048K), 2 survivors (2048K)
 Metaspace       used 9161K, capacity 9248K, committed 9344K, reserved 1058816K
  class space    used 792K, capacity 847K, committed 896K, reserved 1048576K
}
Event: 1.334 GC heap before
{Heap before GC invocations=1 (full 0):
 garbage-first heap   total 98304K, used 12607K [0x00000000a0200000, 0x0000000100000000)
  region size 1024K, 9 young (9216K), 2 survivors (2048K)
 Metaspace       used 11643K, capacity 11824K, committed 12032K, reserved 1060864K
  class space    used 1083K, capacity 1153K, committed 1280K, reserved 1048576K
}
Event: 1.342 GC heap after
{Heap after GC invocations=2 (full 0):
 garbage-first heap   total 98304K, used 5816K [0x00000000a0200000, 0x0000000100000000)
  region size 1024K, 1 young (1024K), 1 survivors (1024K)
 Metaspace       used 11643K, capacity 11824K, committed 12032K, reserved 1060864K
  class space    used 1083K, capacity 1153K, committed 1280K, reserved 1048576K
}
Event: 2.312 GC heap before
{Heap before GC invocations=2 (full 0):
 garbage-first heap   total 98304K, used 30392K [0x00000000a0200000, 0x0000000100000000)
  region size 1024K, 25 young (25600K), 1 survivors (1024K)
 Metaspace       used 18373K, capacity 18799K, committed 19072K, reserved 1067008K
  class space    used 1909K, capacity 2113K, committed 2176K, reserved 1048576K
}
Event: 2.325 GC heap after
{Heap after GC invocations=3 (full 0):
 garbage-first heap   total 98304K, used 7513K [0x00000000a0200000, 0x0000000100000000)
  region size 1024K, 3 young (3072K), 3 survivors (3072K)
 Metaspace       used 18373K, capacity 18799K, committed 19072K, reserved 1067008K
  class space    used 1909K, capacity 2113K, committed 2176K, reserved 1048576K
}
Event: 2.748 GC heap before
{Heap before GC invocations=3 (full 0):
 garbage-first heap   total 98304K, used 17753K [0x00000000a0200000, 0x0000000100000000)
  region size 1024K, 14 young (14336K), 3 survivors (3072K)
 Metaspace       used 20650K, capacity 21192K, committed 21296K, reserved 1069056K
  class space    used 2151K, capacity 2399K, committed 2432K, reserved 1048576K
}
Event: 2.765 GC heap after
{Heap after GC invocations=4 (full 0):
 garbage-first heap   total 98304K, used 9419K [0x00000000a0200000, 0x0000000100000000)
  region size 1024K, 4 young (4096K), 4 survivors (4096K)
 Metaspace       used 20650K, capacity 21192K, committed 21296K, reserved 1069056K
  class space    used 2151K, capacity 2399K, committed 2432K, reserved 1048576K
}
Event: 4.019 GC heap before
{Heap before GC invocations=5 (full 0):
 garbage-first heap   total 98304K, used 52427K [0x00000000a0200000, 0x0000000100000000)
  region size 1024K, 46 young (47104K), 4 survivors (4096K)
 Metaspace       used 26024K, capacity 26604K, committed 26928K, reserved 1073152K
  class space    used 2818K, capacity 3087K, committed 3200K, reserved 1048576K
}
Event: 4.059 GC heap after
{Heap after GC invocations=6 (full 0):
 garbage-first heap   total 118784K, used 11832K [0x00000000a0200000, 0x0000000100000000)
  region size 1024K, 5 young (5120K), 5 survivors (5120K)
 Metaspace       used 26024K, capacity 26604K, committed 26928K, reserved 1073152K
  class space    used 2818K, capacity 3087K, committed 3200K, reserved 1048576K
}
Event: 4.314 GC heap before
{Heap before GC invocations=6 (full 0):
 garbage-first heap   total 118784K, used 63032K [0x00000000a0200000, 0x0000000100000000)
  region size 1024K, 55 young (56320K), 5 survivors (5120K)
 Metaspace       used 26152K, capacity 26811K, committed 26928K, reserved 1073152K
  class space    used 2820K, capacity 3091K, committed 3200K, reserved 1048576K
}
Event: 4.326 GC heap after
{Heap after GC invocations=7 (full 0):
 garbage-first heap   total 118784K, used 11641K [0x00000000a0200000, 0x0000000100000000)
  region size 1024K, 3 young (3072K), 3 survivors (3072K)
 Metaspace       used 26152K, capacity 26811K, committed 26928K, reserved 1073152K
  class space    used 2820K, capacity 3091K, committed 3200K, reserved 1048576K
}
Event: 5.081 GC heap before
{Heap before GC invocations=7 (full 0):
 garbage-first heap   total 118784K, used 75129K [0x00000000a0200000, 0x0000000100000000)
  region size 1024K, 65 young (66560K), 3 survivors (3072K)
 Metaspace       used 33319K, capacity 34204K, committed 34352K, reserved 1079296K
  class space    used 3807K, capacity 4167K, committed 4224K, reserved 1048576K
}
Event: 5.095 GC heap after
{Heap after GC invocations=8 (full 0):
 garbage-first heap   total 118784K, used 13580K [0x00000000a0200000, 0x0000000100000000)
  region size 1024K, 5 young (5120K), 5 survivors (5120K)
 Metaspace       used 33319K, capacity 34204K, committed 34352K, reserved 1079296K
  class space    used 3807K, capacity 4167K, committed 4224K, reserved 1048576K
}
Event: 8.789 GC heap before
{Heap before GC invocations=8 (full 0):
 garbage-first heap   total 118784K, used 29964K [0x00000000a0200000, 0x0000000100000000)
  region size 1024K, 17 young (17408K), 5 survivors (5120K)
 Metaspace       used 34933K, capacity 35764K, committed 35888K, reserved 1081344K
  class space    used 4031K, capacity 4365K, committed 4480K, reserved 1048576K
}
Event: 8.822 GC heap after
{Heap after GC invocations=9 (full 0):
 garbage-first heap   total 118784K, used 19168K [0x00000000a0200000, 0x0000000100000000)
  region size 1024K, 5 young (5120K), 5 survivors (5120K)
 Metaspace       used 34933K, capacity 35764K, committed 35888K, reserved 1081344K
  class space    used 4031K, capacity 4365K, committed 4480K, reserved 1048576K
}

